[0919/215848.078:INFO:CONSOLE(1)] "Long rAF frame-time", source: file:///C:/Program%20Files/Adobe/Adobe%20Photoshop%202020/Required/www-rich-tooltips/build/external.js (1)
[0919/215850.474:WARNING:angle_platform_impl.cc(52)] compileToBinary(230): 
C:\fakepath(69,8-58): warning X3571: pow(f, e) will not work for negative f, use abs(f) or conditionally handle negative values if you expect them
C:\fakepath(77,9-43): warning X3571: pow(f, e) will not work for negative f, use abs(f) or conditionally handle negative values if you expect them

[0920/210255.627:ERROR:backend_impl.cc(1062)] Critical error found -8
[0920/210506.651:WARNING:angle_platform_impl.cc(52)] compileToBinary(230): 
C:\fakepath(77,10-42): warning X3571: pow(f, e) will not work for negative f, use abs(f) or conditionally handle negative values if you expect them
C:\fakepath(99,10-42): warning X3571: pow(f, e) will not work for negative f, use abs(f) or conditionally handle negative values if you expect them

[0920/210744.048:INFO:CONSOLE(1)] "Long rAF frame-time", source: file:///C:/Program%20Files/Adobe/Adobe%20Photoshop%202020/Required/www-rich-tooltips/build/external.js (1)
[0920/211036.444:WARNING:angle_platform_impl.cc(52)] compileToBinary(230): 
C:\fakepath(69,8-58): warning X3571: pow(f, e) will not work for negative f, use abs(f) or conditionally handle negative values if you expect them
C:\fakepath(77,9-43): warning X3571: pow(f, e) will not work for negative f, use abs(f) or conditionally handle negative values if you expect them

[0922/094205.551:INFO:CONSOLE(1)] "Long rAF frame-time", source: file:///C:/Program%20Files/Adobe/Adobe%20Photoshop%202020/Required/www-rich-tooltips/build/external.js (1)
[0922/201925.132:WARNING:angle_platform_impl.cc(52)] compileToBinary(230): 
C:\fakepath(69,8-58): warning X3571: pow(f, e) will not work for negative f, use abs(f) or conditionally handle negative values if you expect them
C:\fakepath(77,9-43): warning X3571: pow(f, e) will not work for negative f, use abs(f) or conditionally handle negative values if you expect them

[0923/231008.156:WARNING:dns_config_service_win.cc(668)] Failed to read DnsConfig.
[0923/231011.785:WARNING:dns_config_service_win.cc(668)] Failed to read DnsConfig.
[0923/231013.693:WARNING:dns_config_service_win.cc(668)] Failed to read DnsConfig.
[0923/231016.789:WARNING:dns_config_service_win.cc(668)] Failed to read DnsConfig.
